<?xml version="1.0" encoding="UTF-8"?>
<!-- Generated by org.testng.reporters.JUnitReportReporter -->
<testsuite skipped="0" hostname="DESKTOP-5G4LIOS" name="testcases.TC_PulseLogin" tests="1" failures="0" timestamp="2019-10-11T16:48:36 IST" time="33.679" errors="0">
  <testcase name="TC_login" time="33.679" classname="testcases.TC_PulseLogin"/>
</testsuite> <!-- testcases.TC_PulseLogin -->
