<?xml version="1.0" encoding="UTF-8"?>
<!-- Generated by org.testng.reporters.JUnitReportReporter -->
<testsuite hostname="DESKTOP-5G4LIOS" failures="0" tests="1" name="Teja.Tejaproject.sample" time="0.024" errors="0" timestamp="09 Oct 2019 16:11:28 GMT" skipped="0">
  <testcase classname="Teja.Tejaproject.sample" name="testone" time="0.024"/>
</testsuite> <!-- Teja.Tejaproject.sample -->
