<?xml version="1.0" encoding="UTF-8"?>
<!-- Generated by org.testng.reporters.JUnitReportReporter -->
<testsuite hostname="DESKTOP-5G4LIOS" failures="0" tests="1" name="testcases.TC_PulseLogin" time="29.888" errors="0" timestamp="11 Oct 2019 10:23:04 GMT" skipped="0">
  <testcase classname="testcases.TC_PulseLogin" name="TC_login" time="29.888"/>
</testsuite> <!-- testcases.TC_PulseLogin -->
