<?xml version="1.0" encoding="UTF-8"?>
<!-- Generated by org.testng.reporters.JUnitReportReporter -->
<testsuite hostname="DESKTOP-5G4LIOS" failures="0" tests="1" name="testcases.sample" time="0.008" errors="0" timestamp="10 Oct 2019 11:24:43 GMT" skipped="0">
  <testcase classname="testcases.sample" name="testone" time="0.008"/>
</testsuite> <!-- testcases.sample -->
